<?xml version="1.0" encoding="UTF-8"?>
<testsuite xmlns:xsi="http://www.w3.org/2001/XMLSchema-instance" xsi:noNamespaceSchemaLocation="https://maven.apache.org/surefire/maven-surefire-plugin/xsd/surefire-test-report-3.0.xsd" version="3.0" name="TestSuite" time="6.218" tests="5" errors="0" skipped="0" failures="0">
  <properties>
[...]
</properties>
  <testcase name="UserCreateFollowerListTest" classname="tweetTest.TweetAPIClientRunaTest" time="2.937">
    <system-out><![CDATA[{
    "errors": [
        {
            "code": 108,
            "message": "Cannot find specified user."
        }
    ]
}
]]></system-out>
  </testcase>
  <testcase name="getUserUploadLookUpTest" classname="tweetTest.TweetAPIClientRunaTest" time="1">
    <system-out><![CDATA[{
    "errors": [
        {
            "message": "Sorry, that page does not exist",
            "code": 34
        }
    ]
}
]]></system-out>
  </testcase>
  <testcase name="mediaHeaderValueTest" classname="tweetTest.TweetAPIClientRunaTest" time="0.288">
    <system-out><![CDATA[cache-control=no-cache, no-store, must-revalidate, pre-check=0, post-check=0
content-disposition=attachment; filename=json.json
content-encoding=gzip
content-length=93
content-type=application/json;charset=utf-8
date=Sat, 28 Nov 2020 21:06:59 GMT
expires=Tue, 31 Mar 1981 05:00:00 GMT
last-modified=Sat, 28 Nov 2020 21:06:59 GMT
pragma=no-cache
server=tsa_b
set-cookie=personalization_id="v1_3iMUIy35JTbjdHZOsijaXg=="; Max-Age=63072000; Expires=Mon, 28 Nov 2022 21:06:59 GMT; Path=/; Domain=.twitter.com; Secure; SameSite=None
set-cookie=lang=en; Path=/
set-cookie=guest_id=v1%3A160659761952472603; Max-Age=63072000; Expires=Mon, 28 Nov 2022 21:06:59 GMT; Path=/; Domain=.twitter.com; Secure; SameSite=None
status=404 Not Found
strict-transport-security=max-age=631138519
x-access-level=read-write-directmessages
x-connection-hash=3779a4880e4cc80fed21429c16af54e2
x-content-type-options=nosniff
x-frame-options=SAMEORIGIN
x-rate-limit-limit=75
x-rate-limit-remaining=74
x-rate-limit-reset=1606598519
x-response-time=14
x-transaction=00049066004f7f6d
x-twitter-response-tags=BouncerCompliant
x-xss-protection=0
]]></system-out>
  </testcase>
  <testcase name="testUserCanTweetSuccessfully" classname="tweetTest.TweetAPIClientRunaTest" time="1.118">
    <system-out><![CDATA[{
    "created_at": "Sat Nov 28 21:06:59 +0000 2020",
    "id": 1332793133315346432,
    "id_str": "1332793133315346432",
    "text": "with WeekdaysEvening_Selenium_NY_Summer202027a7aeef-b777-4454-b77b-d7d6ade85717",
    "truncated": false,
    "entities": {
        "hashtags": [
            
        ],
        "symbols": [
            
        ],
        "user_mentions": [
            
        ],
        "urls": [
            
        ]
    },
    "source": "",
    "in_reply_to_status_id": null,
    "in_reply_to_status_id_str": null,
    "in_reply_to_user_id": null,
    "in_reply_to_user_id_str": null,
    "in_reply_to_screen_name": null,
    "user": {
        "id": 1329196891544891395,
        "id_str": "1329196891544891395",
        "name": "Runa Parvin",
        "screen_name": "RunaParvin16",
        "location": "",
        "description": "",
        "url": null,
        "entities": {
            "description": {
                "urls": [
                    
                ]
            }
        },
        "protected": false,
        "followers_count": 0,
        "friends_count": 0,
        "listed_count": 0,
        "created_at": "Wed Nov 18 22:57:04 +0000 2020",
        "favourites_count": 0,
        "utc_offset": null,
        "time_zone": null,
        "geo_enabled": false,
        "verified": false,
        "statuses_count": 20,
        "lang": null,
        "contributors_enabled": false,
        "is_translator": false,
        "is_translation_enabled": false,
        "profile_background_color": "F5F8FA",
        "profile_background_image_url": null,
        "profile_background_image_url_https": null,
        "profile_background_tile": false,
        "profile_image_url": "http://abs.twimg.com/sticky/default_profile_images/default_profile_normal.png",
        "profile_image_url_https": "https://abs.twimg.com/sticky/default_profile_images/default_profile_normal.png",
        "profile_link_color": "1DA1F2",
        "profile_sidebar_border_color": "C0DEED",
        "profile_sidebar_fill_color": "DDEEF6",
        "profile_text_color": "333333",
        "profile_use_background_image": true,
        "has_extended_profile": true,
        "default_profile": true,
        "default_profile_image": true,
        "following": false,
        "follow_request_sent": false,
        "notifications": false,
        "translator_type": "none"
    },
    "geo": null,
    "coordinates": null,
    "place": null,
    "contributors": null,
    "is_quote_status": false,
    "retweet_count": 0,
    "favorite_count": 0,
    "favorited": false,
    "retweeted": false,
    "lang": "en"
}
]]></system-out>
  </testcase>
  <testcase name="setUpTweetAPI" classname="tweetTest.TwiterApiAutomationWithRestAssuredTest" time="0.016">
    <system-out><![CDATA[{
    "errors": [
        {
            "code": 215,
            "message": "Bad Authentication data."
        }
    ]
}
]]></system-out>
  </testcase>
</testsuite>