<?xml version="1.0" encoding="UTF-8"?>
<!-- Generated by org.testng.reporters.JUnitXMLReporter -->
<testsuite ignored="32" hostname="DESKTOP-NOMISI3" failures="0" tests="5" name="Surefire test" time="5.342" errors="0" timestamp="2020-11-28T16:07:01 EST">
  <testcase classname="tweetTest.TweetAPIClientRunaTest" name="UserCreateFollowerListTest" time="2.905"/>
  <testcase classname="tweetTest.TweetAPIClientRunaTest" name="getUserUploadLookUpTest" time="1.031"/>
  <testcase classname="tweetTest.TweetAPIClientRunaTest" name="mediaHeaderValueTest" time="0.226"/>
  <testcase classname="tweetTest.TweetAPIClientRunaTest" name="testUserCanTweetSuccessfully" time="0.295"/>
  <testcase classname="tweetTest.TwiterApiAutomationWithRestAssuredTest" name="setUpTweetAPI" time="0.838"/>
  <testcase classname="tweetTest.TweetAPIClientRunaTest" name="userCandeleteCollectionList" time="0.0">
    <ignored/>
  </testcase> <!-- userCandeleteCollectionList -->
  <testcase classname="tweetTest.TweetAPIClientRunaTest" name="getGeoTweettTesst" time="0.0">
    <ignored/>
  </testcase> <!-- getGeoTweettTesst -->
  <testcase classname="tweetTest.TweetAPIClientRunaTest" name="testPropertyFromResponse" time="0.0">
    <ignored/>
  </testcase> <!-- testPropertyFromResponse -->
  <testcase classname="tweetTest.TweetAPIClientRunaTest" name="collectionBodyValueTest" time="0.0">
    <ignored/>
  </testcase> <!-- collectionBodyValueTest -->
  <testcase classname="tweetTest.TweetAPIClientRunaTest" name="getTRENDSTweetTesst" time="0.0">
    <ignored/>
  </testcase> <!-- getTRENDSTweetTesst -->
  <testcase classname="tweetTest.TweetAPIClientRunaTest" name="testGetmethod" time="0.0">
    <ignored/>
  </testcase> <!-- testGetmethod -->
  <testcase classname="tweetTest.TweetAPIClientRunaTest" name="getUserTimeFromTweterTest" time="0.0">
    <ignored/>
  </testcase> <!-- getUserTimeFromTweterTest -->
  <testcase classname="tweetTest.TweetAPIClientRunaTest" name="createMediaTest" time="0.0">
    <ignored/>
  </testcase> <!-- createMediaTest -->
  <testcase classname="tweetTest.TweetAPIClientRunaTest" name="getTrendsAvaliableTest" time="0.0">
    <ignored/>
  </testcase> <!-- getTrendsAvaliableTest -->
  <testcase classname="tweetTest.TweetAPIClientRunaTest" name="createDirectMassageTest" time="0.0">
    <ignored/>
  </testcase> <!-- createDirectMassageTest -->
  <testcase classname="tweetTest.TweetAPIClientRunaTest" name="deleteTweetValidedTest" time="0.0">
    <ignored/>
  </testcase> <!-- deleteTweetValidedTest -->
  <testcase classname="tweetTest.TweetAPIClientRunaTest" name="userCanCreateCollectionList" time="0.0">
    <ignored/>
  </testcase> <!-- userCanCreateCollectionList -->
  <testcase classname="tweetTest.TweetAPIClientRunaTest" name="userCanPostTweetSuccessfully" time="0.0">
    <ignored/>
  </testcase> <!-- userCanPostTweetSuccessfully -->
  <testcase classname="tweetTest.TweetAPIClientRunaTest" name="userCanCreateMediaSubTitleTest" time="0.0">
    <ignored/>
  </testcase> <!-- userCanCreateMediaSubTitleTest -->
  <testcase classname="tweetTest.TweetAPIClientRunaTest" name="getFollowerListTest" time="0.0">
    <ignored/>
  </testcase> <!-- getFollowerListTest -->
  <testcase classname="tweetTest.TweetAPIClientRunaTest" name="userCanCreateMediaTweetTest" time="0.0">
    <ignored/>
  </testcase> <!-- userCanCreateMediaTweetTest -->
  <testcase classname="tweetTest.TweetAPIClientRunaTest" name="followerBodyValue" time="0.0">
    <ignored/>
  </testcase> <!-- followerBodyValue -->
  <testcase classname="tweetTest.TweetAPIClientRunaTest" name="favoritesDeleteTest" time="0.0">
    <ignored/>
  </testcase> <!-- favoritesDeleteTest -->
  <testcase classname="tweetTest.TweetAPIClientRunaTest" name="getMediaTweetTest" time="0.0">
    <ignored/>
  </testcase> <!-- getMediaTweetTest -->
  <testcase classname="tweetTest.TweetAPIClientRunaTest" name="testUserCanNotTweetTheSameTweetTwiceInARow" time="0.0">
    <ignored/>
  </testcase> <!-- testUserCanNotTweetTheSameTweetTwiceInARow -->
  <testcase classname="tweetTest.TweetAPIClientRunaTest" name="getUserCollectionTest" time="0.0">
    <ignored/>
  </testcase> <!-- getUserCollectionTest -->
  <testcase classname="tweetTest.TweetAPIClientRunaTest" name="createFavoritesTest" time="0.0">
    <ignored/>
  </testcase> <!-- createFavoritesTest -->
  <testcase classname="tweetTest.TweetAPIClientRunaTest" name="createCollectionLsstTest" time="0.0">
    <ignored/>
  </testcase> <!-- createCollectionLsstTest -->
  <testcase classname="tweetTest.TweetAPIClientRunaTest" name="getcollectionsTweetTest" time="0.0">
    <ignored/>
  </testcase> <!-- getcollectionsTweetTest -->
  <testcase classname="tweetTest.TweetAPIClientRunaTest" name="collectionHeaderValueTest" time="0.0">
    <ignored/>
  </testcase> <!-- collectionHeaderValueTest -->
  <testcase classname="tweetTest.TweetAPIClientRunaTest" name="getTrendsPlaceTest" time="0.0">
    <ignored/>
  </testcase> <!-- getTrendsPlaceTest -->
  <testcase classname="tweetTest.TweetAPIClientRunaTest" name="createMediaUploadTest" time="0.0">
    <ignored/>
  </testcase> <!-- createMediaUploadTest -->
  <testcase classname="tweetTest.TweetAPIClientRunaTest" name="getUserDirectMassageTest" time="0.0">
    <ignored/>
  </testcase> <!-- getUserDirectMassageTest -->
  <testcase classname="tweetTest.TweetAPIClientRunaTest" name="testResponseTime" time="0.0">
    <ignored/>
  </testcase> <!-- testResponseTime -->
  <testcase classname="tweetTest.TweetAPIClientRunaTest" name="testDelete" time="0.0">
    <ignored/>
  </testcase> <!-- testDelete -->
  <testcase classname="tweetTest.TweetAPIClientRunaTest" name="followerHeaderValueTest" time="0.0">
    <ignored/>
  </testcase> <!-- followerHeaderValueTest -->
  <testcase classname="tweetTest.TweetAPIClientRunaTest" name="userCanDeleFromTweetTest" time="0.0">
    <ignored/>
  </testcase> <!-- userCanDeleFromTweetTest -->
</testsuite> <!-- Surefire test -->
